

> id@0.1.0 build /home/linh/Projects/vu/ha1/apps/id
> next build

[1m[38;2;173;127;168m▲ Next.js 16.2.4[39m[22m (Turbopack)
- Environments: .env.local

[37m[1m [22m[39m Creating an optimized production build ...
[32m[1m✓[22m[39m Compiled successfully in 6.4s
[?25l[37m[1m [22m[39m Running TypeScript  [36m.[39m[2K[1G[37m[1m [22m[39m Running TypeScript  [36m..[39m[2K[1G[37m[1m [22m[39m Running TypeScript  [36m...[39m[2K[1G[37m[1m [22m[39m Running TypeScript  [36m.[39m[2K[1G[37m[1m [22m[39m Running TypeScript  [36m..[39m[2K[1G[37m[1m [22m[39m Running TypeScript  [36m...[39m[2K[1G[37m[1m [22m[39m Running TypeScript  [36m.[39m[2K[1G[37m[1m [22m[39m Running TypeScript  [36m..[39m[2K[1G[37m[1m [22m[39m Running TypeScript  [36m...[39m[2K[1G[37m[1m [22m[39m Running TypeScript  [36m.[39m[2K[1G[37m[1m [22m[39m Running TypeScript  [36m..[39m[2K[1G[37m[1m [22m[39m Running TypeScript  [36m...[39m[2K[1G[37m[1m [22m[39m Running TypeScript  [36m.[39m[2K[1G[37m[1m [22m[39m Running TypeScript  [36m..[39m[2K[1G[37m[1m [22m[39m Running TypeScript  [36m...[39m[2K[1G[37m[1m [22m[39m Running TypeScript  [36m.[39m[2K[1G[37m[1m [22m[39m Running TypeScript  [36m..[39m[2K[1G[37m[1m [22m[39m Running TypeScript  [36m...[39m[2K[1G[37m[1m [22m[39m Running TypeScript  [36m.[39m[2K[1G[37m[1m [22m[39m Running TypeScript  [36m..[39m[2K[1G[37m[1m [22m[39m Running TypeScript  [36m...[39m[2K[1G[37m[1m [22m[39m Running TypeScript  [36m.[39m[2K[1G[37m[1m [22m[39m Running TypeScript  [36m..[39m[2K[1G[37m[1m [22m[39m Running TypeScript  [36m...[39m[2K[1G[37m[1m [22m[39m Running TypeScript  [36m.[39m[2K[1G[?25h[?25l[37m[1m [22m[39m Finished TypeScript in 5.0s  [36m.[39m[2K[1G[?25h[37m[1m [22m[39m Finished TypeScript in 5.0s    [32m[1m✓[22m[39m Finished TypeScript in 5.0s 
[?25l[37m[1m [22m[39m Collecting page data using 11 workers  [36m.[39m[2K[1G[37m[1m [22m[39m Collecting page data using 11 workers  [36m..[39m[2K[1G[37m[1m [22m[39m Collecting page data using 11 workers  [36m...[39m[2K[1G[37m[1m [22m[39m Collecting page data using 11 workers  [36m.[39m[2K[1G[37m[1m [22m[39m Collecting page data using 11 workers  [36m..[39m[2K[1G[37m[1m [22m[39m Collecting page data using 11 workers  [36m...[39m[2K[1G[37m[1m [22m[39m Collecting page data using 11 workers  [36m.[39m[2K[1G[?25h[37m[1m [22m[39m Collecting page data using 11 workers in 1302ms    [32m[1m✓[22m[39m Collecting page data using 11 workers in 1302ms 
[?25l[37m[1m [22m[39m Generating static pages using 11 workers (0/12)  [36m[    ][39m[2K[1G[37m[1m [22m[39m Generating static pages using 11 workers (4/12)  [36m[=   ][39m[2K[1G[37m[1m [22m[39m Generating static pages using 11 workers (8/12)  [36m[==  ][39m[2K[1G[?25h[32m[1m✓[22m[39m Generating static pages using 11 workers (12/12) in 452ms
[?25l[37m[1m [22m[39m Finalizing page optimization  [36m.[39m[2K[1G[?25h[37m[1m [22m[39m Finalizing page optimization in 34ms    [32m[1m✓[22m[39m Finalizing page optimization in 34ms 

[4mRoute (app)[24m
┌ ○ /
├ ○ /_not-found
├ ƒ /api/auth/login
├ ƒ /api/auth/logout
├ ƒ /api/auth/me
├ ƒ /api/auth/profile
├ ƒ /api/auth/register
├ ○ /auth/login
├ ○ /auth/profile
└ ○ /auth/register


○  (Static)   prerendered as static content
ƒ  (Dynamic)  server-rendered on demand

[?25h
