
> id@0.1.0 lint /home/linh/Projects/vu/ha1/apps/id
> eslint


/home/linh/Projects/vu/ha1/apps/id/src/app/api/auth/logout/route.ts
  3:28  warning  'request' is defined but never used  @typescript-eslint/no-unused-vars

/home/linh/Projects/vu/ha1/apps/id/src/app/api/auth/profile/route.ts
  49:38  error  Unexpected any. Specify a different type  @typescript-eslint/no-explicit-any

/home/linh/Projects/vu/ha1/apps/id/src/app/auth/profile/page.tsx
  68:5  error    Error: Calling setState synchronously within an effect can trigger cascading renders

Effects are intended to synchronize state between React and external systems such as manually updating the DOM, state management libraries, or other platform APIs. In general, the body of an effect should do one or both of the following:
* Update external systems with the latest state from React.
* Subscribe for updates from some external system, calling setState in a callback function when external state changes.

Calling setState synchronously within an effect body causes cascading renders that can hurt performance, and is not recommended. (https://react.dev/learn/you-might-not-need-an-effect).

/home/linh/Projects/vu/ha1/apps/id/src/app/auth/profile/page.tsx:68:5
  66 |
  67 |   useEffect(() => {
> 68 |     fetchUserData();
     |     ^^^^^^^^^^^^^ Avoid calling setState() directly within an effect
  69 |   }, []);
  70 |
  71 |   const handleLogout = async () => {  react-hooks/set-state-in-effect
  69:6  warning  React Hook useEffect has a missing dependency: 'fetchUserData'. Either include it or remove the dependency array                                                                                                                                                                                                                                                                                                                                                                                                                                                                                                                                                                                                                                                                                                                                                                                                                                                                                        react-hooks/exhaustive-deps

/home/linh/Projects/vu/ha1/apps/id/src/lib/auth.ts
  58:12  warning  'error' is defined but never used  @typescript-eslint/no-unused-vars

✖ 5 problems (2 errors, 3 warnings)

 ELIFECYCLE  Command failed with exit code 1.
